3
100.668127 100.59451 1032
100.639254 100.64111 698
100.647427 100.65419 842
100.640660 100.58205 666
100.652728 100.54267 763
100.636126 100.57453 612
100.643419 100.58077 691
100.644524 100.52266 639
100.679011 100.63842 1290
100.656070 100.61005 868


0.593631656613


0.591220045565


0.593213035433


0.591942672028


0.592746543487
4
100.669703 100.56950 693
100.710952 100.54785 1049
100.686090 100.55759 813
100.645840 100.64470 587
100.655955 100.51558 576
100.665411 100.62394 675
100.657291 100.62984 640
100.683317 100.56854 816
100.647038 100.63035 578
100.652660 100.64593 640


0.590477960948


0.590102849819


0.591259492118


0.590535667833


0.590729881968
5
100.708910 100.57520 767
100.698460 100.50734 658
100.714548 100.59665 828
100.660215 100.65681 546
100.709573 100.52104 748
100.672895 100.60445 580
100.667367 100.67875 585
100.697397 100.56179 694
100.689988 100.58871 633
100.673620 100.64128 590


0.587705271575


0.589645171998


0.587779265966


0.588680584336


0.590220457386
6
100.717226 100.56099 649
100.698840 100.62309 595
100.753562 100.57220 822
100.708395 100.64259 628
100.713847 100.56712 649
100.716295 100.59928 622
100.742945 100.51084 751
100.686243 100.65247 543
100.708673 100.58995 625
100.706299 100.55925 604


0.586395818081


0.585515064296


0.587590716271


0.586306913011


0.587698387512
100.5941714 0.00651898987273
100.592488 0.00622977745991
100.5917898 0.00697029535954
100.5880784 0.00634364434917
